  Simulador.cpp
C:\Users\usuarioprincipal\Desktop\Informàtica\4º\SGI\misRepositorios\Seminarios_ISGI_2022\codebase\Utilidades.h(29,44): warning C4305: 'inicializando': truncamiento de 'double' a 'const GLfloat'
C:\Users\usuarioprincipal\Desktop\Informàtica\4º\SGI\misRepositorios\Seminarios_ISGI_2022\codebase\Utilidades.h(30,45): warning C4305: 'inicializando': truncamiento de 'double' a 'const GLfloat'
C:\Users\usuarioprincipal\Desktop\Informàtica\4º\SGI\misRepositorios\Seminarios_ISGI_2022\codebase\Utilidades.h(35,57): warning C4305: 'inicializando': truncamiento de 'double' a 'const GLfloat'
C:\Users\usuarioprincipal\Desktop\Informàtica\4º\SGI\misRepositorios\Seminarios_ISGI_2022\codebase\Utilidades.h(36,57): warning C4305: 'inicializando': truncamiento de 'double' a 'const GLfloat'
C:\Users\usuarioprincipal\Desktop\Informàtica\4º\SGI\misRepositorios\Seminarios_ISGI_2022\codebase\Utilidades.h(38,54): warning C4305: 'inicializando': truncamiento de 'double' a 'const GLfloat'
C:\Users\usuarioprincipal\Desktop\Informàtica\4º\SGI\misRepositorios\Seminarios_ISGI_2022\codebase\Utilidades.h(252,37): warning C4305: 'argumento': truncamiento de 'double' a 'GLfloat'
C:\Users\usuarioprincipal\Desktop\Informàtica\4º\SGI\misRepositorios\Seminarios_ISGI_2022\Practica6\Simulador.cpp(25,38): warning C4305: 'inicializando': truncamiento de '__int64' a 'GLfloat'
C:\Users\usuarioprincipal\Desktop\Informàtica\4º\SGI\misRepositorios\Seminarios_ISGI_2022\Practica6\Simulador.cpp(26,39): warning C4305: 'inicializando': truncamiento de '__int64' a 'GLfloat'
C:\Users\usuarioprincipal\Desktop\Informàtica\4º\SGI\misRepositorios\Seminarios_ISGI_2022\Practica6\Simulador.cpp(62,22): warning C4244: 'inicializando': conversión de 'int' a 'GLfloat'; posible pérdida de datos
C:\Users\usuarioprincipal\Desktop\Informàtica\4º\SGI\misRepositorios\Seminarios_ISGI_2022\Practica6\Simulador.cpp(68,25): warning C4305: 'inicializando': truncamiento de 'double' a 'GLfloat'
C:\Users\usuarioprincipal\Desktop\Informàtica\4º\SGI\misRepositorios\Seminarios_ISGI_2022\Practica6\Simulador.cpp(69,69): warning C4305: 'inicializando': truncamiento de 'double' a 'GLfloat'
C:\Users\usuarioprincipal\Desktop\Informàtica\4º\SGI\misRepositorios\Seminarios_ISGI_2022\Practica6\Simulador.cpp(70,54): warning C4305: 'inicializando': truncamiento de 'double' a 'GLfloat'
C:\Users\usuarioprincipal\Desktop\Informàtica\4º\SGI\misRepositorios\Seminarios_ISGI_2022\Practica6\Simulador.cpp(75,42): warning C4305: 'inicializando': truncamiento de 'double' a 'GLfloat'
C:\Users\usuarioprincipal\Desktop\Informàtica\4º\SGI\misRepositorios\Seminarios_ISGI_2022\Practica6\Simulador.cpp(210,8): warning C4244: 'inicializando': conversión de 'float' a 'int'; posible pérdida de datos
C:\Users\usuarioprincipal\Desktop\Informàtica\4º\SGI\misRepositorios\Seminarios_ISGI_2022\Practica6\Simulador.cpp(212,14): warning C4244: 'return': conversión de 'double' a 'float'; posible pérdida de datos
C:\Users\usuarioprincipal\Desktop\Informàtica\4º\SGI\misRepositorios\Seminarios_ISGI_2022\Practica6\Simulador.cpp(241,42): warning C4244: 'argumento': conversión de 'int' a 'float'; posible pérdida de datos
C:\Users\usuarioprincipal\Desktop\Informàtica\4º\SGI\misRepositorios\Seminarios_ISGI_2022\Practica6\Simulador.cpp(241,36): warning C4244: 'argumento': conversión de 'int' a 'float'; posible pérdida de datos
C:\Users\usuarioprincipal\Desktop\Informàtica\4º\SGI\misRepositorios\Seminarios_ISGI_2022\Practica6\Simulador.cpp(242,46): warning C4244: 'argumento': conversión de 'int' a 'float'; posible pérdida de datos
C:\Users\usuarioprincipal\Desktop\Informàtica\4º\SGI\misRepositorios\Seminarios_ISGI_2022\Practica6\Simulador.cpp(242,41): warning C4244: 'argumento': conversión de 'int' a 'float'; posible pérdida de datos
C:\Users\usuarioprincipal\Desktop\Informàtica\4º\SGI\misRepositorios\Seminarios_ISGI_2022\Practica6\Simulador.cpp(243,47): warning C4244: 'argumento': conversión de 'int' a 'float'; posible pérdida de datos
C:\Users\usuarioprincipal\Desktop\Informàtica\4º\SGI\misRepositorios\Seminarios_ISGI_2022\Practica6\Simulador.cpp(243,36): warning C4244: 'argumento': conversión de 'int' a 'float'; posible pérdida de datos
C:\Users\usuarioprincipal\Desktop\Informàtica\4º\SGI\misRepositorios\Seminarios_ISGI_2022\Practica6\Simulador.cpp(244,51): warning C4244: 'argumento': conversión de 'int' a 'float'; posible pérdida de datos
C:\Users\usuarioprincipal\Desktop\Informàtica\4º\SGI\misRepositorios\Seminarios_ISGI_2022\Practica6\Simulador.cpp(244,41): warning C4244: 'argumento': conversión de 'int' a 'float'; posible pérdida de datos
C:\Users\usuarioprincipal\Desktop\Informàtica\4º\SGI\misRepositorios\Seminarios_ISGI_2022\Practica6\Simulador.cpp(277,46): warning C4305: 'inicializando': truncamiento de 'double' a 'GLfloat'
C:\Users\usuarioprincipal\Desktop\Informàtica\4º\SGI\misRepositorios\Seminarios_ISGI_2022\Practica6\Simulador.cpp(284,20): warning C4244: 'argumento': conversión de 'GLint' a 'GLfloat'; posible pérdida de datos
C:\Users\usuarioprincipal\Desktop\Informàtica\4º\SGI\misRepositorios\Seminarios_ISGI_2022\Practica6\Simulador.cpp(284,11): warning C4244: 'argumento': conversión de 'GLint' a 'GLfloat'; posible pérdida de datos
C:\Users\usuarioprincipal\Desktop\Informàtica\4º\SGI\misRepositorios\Seminarios_ISGI_2022\Practica6\Simulador.cpp(291,28): warning C4244: '=': conversión de 'float' a 'int'; posible pérdida de datos
C:\Users\usuarioprincipal\Desktop\Informàtica\4º\SGI\misRepositorios\Seminarios_ISGI_2022\Practica6\Simulador.cpp(349,39): warning C4244: '=': conversión de 'double' a 'GLint'; posible pérdida de datos
C:\Users\usuarioprincipal\Desktop\Informàtica\4º\SGI\misRepositorios\Seminarios_ISGI_2022\Practica6\Simulador.cpp(359,29): warning C4244: '=': conversión de 'double' a 'GLfloat'; posible pérdida de datos
C:\Users\usuarioprincipal\Desktop\Informàtica\4º\SGI\misRepositorios\Seminarios_ISGI_2022\Practica6\Simulador.cpp(383,22): warning C4244: 'argumento': conversión de 'GLint' a 'GLfloat'; posible pérdida de datos
C:\Users\usuarioprincipal\Desktop\Informàtica\4º\SGI\misRepositorios\Seminarios_ISGI_2022\Practica6\Simulador.cpp(383,13): warning C4244: 'argumento': conversión de 'GLint' a 'GLfloat'; posible pérdida de datos
C:\Users\usuarioprincipal\Desktop\Informàtica\4º\SGI\misRepositorios\Seminarios_ISGI_2022\Practica6\Simulador.cpp(393,44): warning C4305: 'inicializando': truncamiento de 'double' a 'GLfloat'
C:\Users\usuarioprincipal\Desktop\Informàtica\4º\SGI\misRepositorios\Seminarios_ISGI_2022\Practica6\Simulador.cpp(394,42): warning C4305: 'inicializando': truncamiento de 'double' a 'GLfloat'
C:\Users\usuarioprincipal\Desktop\Informàtica\4º\SGI\misRepositorios\Seminarios_ISGI_2022\Practica6\Simulador.cpp(395,45): warning C4305: 'inicializando': truncamiento de 'double' a 'GLfloat'
C:\Users\usuarioprincipal\Desktop\Informàtica\4º\SGI\misRepositorios\Seminarios_ISGI_2022\Practica6\Simulador.cpp(411,40): warning C4305: 'inicializando': truncamiento de 'double' a 'GLfloat'
C:\Users\usuarioprincipal\Desktop\Informàtica\4º\SGI\misRepositorios\Seminarios_ISGI_2022\Practica6\Simulador.cpp(419,38): warning C4244: 'argumento': conversión de 'GLdouble' a 'GLfloat'; posible pérdida de datos
C:\Users\usuarioprincipal\Desktop\Informàtica\4º\SGI\misRepositorios\Seminarios_ISGI_2022\Practica6\Simulador.cpp(419,30): warning C4244: 'argumento': conversión de 'GLdouble' a 'GLfloat'; posible pérdida de datos
C:\Users\usuarioprincipal\Desktop\Informàtica\4º\SGI\misRepositorios\Seminarios_ISGI_2022\Practica6\Simulador.cpp(419,22): warning C4244: 'argumento': conversión de 'GLdouble' a 'GLfloat'; posible pérdida de datos
C:\Users\usuarioprincipal\Desktop\Informàtica\4º\SGI\misRepositorios\Seminarios_ISGI_2022\Practica6\Simulador.cpp(432,48): warning C4244: 'argumento': conversión de 'GLdouble' a 'float'; posible pérdida de datos
C:\Users\usuarioprincipal\Desktop\Informàtica\4º\SGI\misRepositorios\Seminarios_ISGI_2022\Practica6\Simulador.cpp(432,40): warning C4244: 'argumento': conversión de 'GLdouble' a 'float'; posible pérdida de datos
C:\Users\usuarioprincipal\Desktop\Informàtica\4º\SGI\misRepositorios\Seminarios_ISGI_2022\Practica6\Simulador.cpp(499,32): warning C4838: la conversión de 'GLdouble' en 'GLfloat' requiere una conversión de restricción
C:\Users\usuarioprincipal\Desktop\Informàtica\4º\SGI\misRepositorios\Seminarios_ISGI_2022\Practica6\Simulador.cpp(499,32): warning C4244: 'inicializando': conversión de 'GLdouble' a 'GLfloat'; posible pérdida de datos
C:\Users\usuarioprincipal\Desktop\Informàtica\4º\SGI\misRepositorios\Seminarios_ISGI_2022\Practica6\Simulador.cpp(499,40): warning C4838: la conversión de 'GLdouble' en 'GLfloat' requiere una conversión de restricción
C:\Users\usuarioprincipal\Desktop\Informàtica\4º\SGI\misRepositorios\Seminarios_ISGI_2022\Practica6\Simulador.cpp(499,40): warning C4244: 'inicializando': conversión de 'GLdouble' a 'GLfloat'; posible pérdida de datos
C:\Users\usuarioprincipal\Desktop\Informàtica\4º\SGI\misRepositorios\Seminarios_ISGI_2022\Practica6\Simulador.cpp(499,48): warning C4838: la conversión de 'GLdouble' en 'GLfloat' requiere una conversión de restricción
C:\Users\usuarioprincipal\Desktop\Informàtica\4º\SGI\misRepositorios\Seminarios_ISGI_2022\Practica6\Simulador.cpp(499,48): warning C4244: 'inicializando': conversión de 'GLdouble' a 'GLfloat'; posible pérdida de datos
C:\Users\usuarioprincipal\Desktop\Informàtica\4º\SGI\misRepositorios\Seminarios_ISGI_2022\Practica6\Simulador.cpp(500,31): warning C4838: la conversión de 'double' en 'GLfloat' requiere una conversión de restricción
C:\Users\usuarioprincipal\Desktop\Informàtica\4º\SGI\misRepositorios\Seminarios_ISGI_2022\Practica6\Simulador.cpp(500,31): warning C4244: 'inicializando': conversión de 'double' a 'GLfloat'; posible pérdida de datos
C:\Users\usuarioprincipal\Desktop\Informàtica\4º\SGI\misRepositorios\Seminarios_ISGI_2022\Practica6\Simulador.cpp(500,61): warning C4838: la conversión de 'double' en 'GLfloat' requiere una conversión de restricción
C:\Users\usuarioprincipal\Desktop\Informàtica\4º\SGI\misRepositorios\Seminarios_ISGI_2022\Practica6\Simulador.cpp(500,61): warning C4244: 'inicializando': conversión de 'double' a 'GLfloat'; posible pérdida de datos
C:\Users\usuarioprincipal\Desktop\Informàtica\4º\SGI\misRepositorios\Seminarios_ISGI_2022\Practica6\Simulador.cpp(500,91): warning C4838: la conversión de 'double' en 'GLfloat' requiere una conversión de restricción
C:\Users\usuarioprincipal\Desktop\Informàtica\4º\SGI\misRepositorios\Seminarios_ISGI_2022\Practica6\Simulador.cpp(500,91): warning C4244: 'inicializando': conversión de 'double' a 'GLfloat'; posible pérdida de datos
C:\Users\usuarioprincipal\Desktop\Informàtica\4º\SGI\misRepositorios\Seminarios_ISGI_2022\Practica6\Simulador.cpp(504,32): warning C4838: la conversión de 'GLdouble' en 'GLfloat' requiere una conversión de restricción
C:\Users\usuarioprincipal\Desktop\Informàtica\4º\SGI\misRepositorios\Seminarios_ISGI_2022\Practica6\Simulador.cpp(504,32): warning C4244: 'inicializando': conversión de 'GLdouble' a 'GLfloat'; posible pérdida de datos
C:\Users\usuarioprincipal\Desktop\Informàtica\4º\SGI\misRepositorios\Seminarios_ISGI_2022\Practica6\Simulador.cpp(504,40): warning C4838: la conversión de 'GLdouble' en 'GLfloat' requiere una conversión de restricción
C:\Users\usuarioprincipal\Desktop\Informàtica\4º\SGI\misRepositorios\Seminarios_ISGI_2022\Practica6\Simulador.cpp(504,40): warning C4244: 'inicializando': conversión de 'GLdouble' a 'GLfloat'; posible pérdida de datos
C:\Users\usuarioprincipal\Desktop\Informàtica\4º\SGI\misRepositorios\Seminarios_ISGI_2022\Practica6\Simulador.cpp(504,48): warning C4838: la conversión de 'GLdouble' en 'GLfloat' requiere una conversión de restricción
C:\Users\usuarioprincipal\Desktop\Informàtica\4º\SGI\misRepositorios\Seminarios_ISGI_2022\Practica6\Simulador.cpp(504,48): warning C4244: 'inicializando': conversión de 'GLdouble' a 'GLfloat'; posible pérdida de datos
C:\Users\usuarioprincipal\Desktop\Informàtica\4º\SGI\misRepositorios\Seminarios_ISGI_2022\Practica6\Simulador.cpp(505,31): warning C4838: la conversión de 'double' en 'GLfloat' requiere una conversión de restricción
C:\Users\usuarioprincipal\Desktop\Informàtica\4º\SGI\misRepositorios\Seminarios_ISGI_2022\Practica6\Simulador.cpp(505,31): warning C4244: 'inicializando': conversión de 'double' a 'GLfloat'; posible pérdida de datos
C:\Users\usuarioprincipal\Desktop\Informàtica\4º\SGI\misRepositorios\Seminarios_ISGI_2022\Practica6\Simulador.cpp(505,61): warning C4838: la conversión de 'double' en 'GLfloat' requiere una conversión de restricción
C:\Users\usuarioprincipal\Desktop\Informàtica\4º\SGI\misRepositorios\Seminarios_ISGI_2022\Practica6\Simulador.cpp(505,61): warning C4244: 'inicializando': conversión de 'double' a 'GLfloat'; posible pérdida de datos
C:\Users\usuarioprincipal\Desktop\Informàtica\4º\SGI\misRepositorios\Seminarios_ISGI_2022\Practica6\Simulador.cpp(505,91): warning C4838: la conversión de 'double' en 'GLfloat' requiere una conversión de restricción
C:\Users\usuarioprincipal\Desktop\Informàtica\4º\SGI\misRepositorios\Seminarios_ISGI_2022\Practica6\Simulador.cpp(505,91): warning C4244: 'inicializando': conversión de 'double' a 'GLfloat'; posible pérdida de datos
C:\Users\usuarioprincipal\Desktop\Informàtica\4º\SGI\misRepositorios\Seminarios_ISGI_2022\Practica6\Simulador.cpp(519,26): warning C4244: 'argumento': conversión de 'GLfloat' a 'unsigned int'; posible pérdida de datos
C:\Users\usuarioprincipal\Desktop\Informàtica\4º\SGI\misRepositorios\Seminarios_ISGI_2022\Practica6\Simulador.cpp(537,52): warning C4244: 'argumento': conversión de 'GLfloat' a 'unsigned int'; posible pérdida de datos
C:\Users\usuarioprincipal\Desktop\Informàtica\4º\SGI\misRepositorios\Seminarios_ISGI_2022\Practica6\Simulador.cpp(544,52): warning C4244: 'argumento': conversión de 'GLfloat' a 'unsigned int'; posible pérdida de datos
C:\Users\usuarioprincipal\Desktop\Informàtica\4º\SGI\misRepositorios\Seminarios_ISGI_2022\Practica6\Simulador.cpp(549,80): warning C4244: 'argumento': conversión de 'GLdouble' a 'float'; posible pérdida de datos
C:\Users\usuarioprincipal\Desktop\Informàtica\4º\SGI\misRepositorios\Seminarios_ISGI_2022\Practica6\Simulador.cpp(549,72): warning C4244: 'argumento': conversión de 'GLdouble' a 'float'; posible pérdida de datos
C:\Users\usuarioprincipal\Desktop\Informàtica\4º\SGI\misRepositorios\Seminarios_ISGI_2022\Practica6\Simulador.cpp(551,52): warning C4244: 'argumento': conversión de 'GLfloat' a 'unsigned int'; posible pérdida de datos
C:\Users\usuarioprincipal\Desktop\Informàtica\4º\SGI\misRepositorios\Seminarios_ISGI_2022\Practica6\Simulador.cpp(560,52): warning C4244: 'argumento': conversión de 'GLfloat' a 'unsigned int'; posible pérdida de datos
C:\Users\usuarioprincipal\Desktop\Informàtica\4º\SGI\misRepositorios\Seminarios_ISGI_2022\Practica6\Simulador.cpp(567,52): warning C4244: 'argumento': conversión de 'GLfloat' a 'unsigned int'; posible pérdida de datos
C:\Users\usuarioprincipal\Desktop\Informàtica\4º\SGI\misRepositorios\Seminarios_ISGI_2022\Practica6\Simulador.cpp(574,52): warning C4244: 'argumento': conversión de 'GLfloat' a 'unsigned int'; posible pérdida de datos
C:\Users\usuarioprincipal\Desktop\Informàtica\4º\SGI\misRepositorios\Seminarios_ISGI_2022\Practica6\Simulador.cpp(581,52): warning C4244: 'argumento': conversión de 'GLfloat' a 'unsigned int'; posible pérdida de datos
C:\Users\usuarioprincipal\Desktop\Informàtica\4º\SGI\misRepositorios\Seminarios_ISGI_2022\Practica6\Simulador.cpp(632,10): warning C4244: '=': conversión de 'GLint' a 'GLfloat'; posible pérdida de datos
C:\Users\usuarioprincipal\Desktop\Informàtica\4º\SGI\misRepositorios\Seminarios_ISGI_2022\Practica6\Simulador.cpp(633,10): warning C4244: '=': conversión de 'GLint' a 'GLfloat'; posible pérdida de datos
C:\Users\usuarioprincipal\Desktop\Informàtica\4º\SGI\misRepositorios\Seminarios_ISGI_2022\Practica6\Simulador.cpp(646,15): warning C4244: '=': conversión de 'int' a 'GLfloat'; posible pérdida de datos
C:\Users\usuarioprincipal\Desktop\Informàtica\4º\SGI\misRepositorios\Seminarios_ISGI_2022\Practica6\Simulador.cpp(647,15): warning C4244: '=': conversión de 'int' a 'GLfloat'; posible pérdida de datos
C:\Users\usuarioprincipal\Desktop\Informàtica\4º\SGI\misRepositorios\Seminarios_ISGI_2022\Practica6\Simulador.cpp(656,28): warning C4305: 'inicializando': truncamiento de 'double' a 'float'
C:\Users\usuarioprincipal\Desktop\Informàtica\4º\SGI\misRepositorios\Seminarios_ISGI_2022\Practica6\Simulador.cpp(697,15): warning C4244: '=': conversión de 'int' a 'GLfloat'; posible pérdida de datos
C:\Users\usuarioprincipal\Desktop\Informàtica\4º\SGI\misRepositorios\Seminarios_ISGI_2022\Practica6\Simulador.cpp(698,15): warning C4244: '=': conversión de 'int' a 'GLfloat'; posible pérdida de datos
C:\Users\usuarioprincipal\Desktop\Informàtica\4º\SGI\misRepositorios\Seminarios_ISGI_2022\Practica6\Simulador.cpp(705,17): warning C4244: '=': conversión de 'int' a 'GLfloat'; posible pérdida de datos
C:\Users\usuarioprincipal\Desktop\Informàtica\4º\SGI\misRepositorios\Seminarios_ISGI_2022\Practica6\Simulador.cpp(762,50): warning C4244: 'argumento': conversión de 'GLdouble' a 'float'; posible pérdida de datos
C:\Users\usuarioprincipal\Desktop\Informàtica\4º\SGI\misRepositorios\Seminarios_ISGI_2022\Practica6\Simulador.cpp(762,42): warning C4244: 'argumento': conversión de 'GLdouble' a 'float'; posible pérdida de datos
C:\Users\usuarioprincipal\Desktop\Informàtica\4º\SGI\misRepositorios\Seminarios_ISGI_2022\Practica6\Simulador.cpp(816,68): warning C4244: 'argumento': conversión de 'GLdouble' a 'float'; posible pérdida de datos
C:\Users\usuarioprincipal\Desktop\Informàtica\4º\SGI\misRepositorios\Seminarios_ISGI_2022\Practica6\Simulador.cpp(816,60): warning C4244: 'argumento': conversión de 'GLdouble' a 'float'; posible pérdida de datos
C:\Users\usuarioprincipal\Desktop\Informàtica\4º\SGI\misRepositorios\Seminarios_ISGI_2022\Practica6\Simulador.cpp(823,44): warning C4244: '=': conversión de 'double' a 'GLfloat'; posible pérdida de datos
C:\Users\usuarioprincipal\Desktop\Informàtica\4º\SGI\misRepositorios\Seminarios_ISGI_2022\Practica6\Simulador.cpp(829,44): warning C4244: '=': conversión de 'double' a 'GLfloat'; posible pérdida de datos
C:\Users\usuarioprincipal\Desktop\Informàtica\4º\SGI\misRepositorios\Seminarios_ISGI_2022\Practica6\Simulador.cpp(843,28): warning C4244: 'argumento': conversión de 'GLfloat' a 'int'; posible pérdida de datos
C:\Users\usuarioprincipal\Desktop\Informàtica\4º\SGI\misRepositorios\Seminarios_ISGI_2022\Practica6\Simulador.cpp(843,21): warning C4244: 'argumento': conversión de 'GLfloat' a 'int'; posible pérdida de datos
  Generando código
  3 of 188 functions ( 1.6%) were compiled, the rest were copied from previous compilation.
    0 functions were new in current compilation
    1 functions had inline decision re-evaluated but remain unchanged
  Generación de código finalizada
  Practica6.vcxproj -> C:\Users\usuarioprincipal\Desktop\Informàtica\4º\SGI\misRepositorios\Seminarios_ISGI_2022\Practica6\Practica6.exe
