  Source.cpp
C:\Users\usuarioprincipal\Desktop\Informàtica\4º\SGI\misRepositorios\Seminarios_ISGI_2022\Prueba\Source.cpp(235,26): warning C4305: 'argumento': truncamiento de 'double' a 'GLfloat'
C:\Users\usuarioprincipal\Desktop\Informàtica\4º\SGI\misRepositorios\Seminarios_ISGI_2022\Prueba\Source.cpp(236,27): warning C4305: 'argumento': truncamiento de 'double' a 'GLfloat'
C:\Users\usuarioprincipal\Desktop\Informàtica\4º\SGI\misRepositorios\Seminarios_ISGI_2022\Prueba\Source.cpp(237,26): warning C4305: 'argumento': truncamiento de 'double' a 'GLfloat'
C:\Users\usuarioprincipal\Desktop\Informàtica\4º\SGI\misRepositorios\Seminarios_ISGI_2022\Prueba\Source.cpp(238,25): warning C4305: 'argumento': truncamiento de 'double' a 'GLfloat'
C:\Users\usuarioprincipal\Desktop\Informàtica\4º\SGI\misRepositorios\Seminarios_ISGI_2022\Prueba\Source.cpp(243,26): warning C4305: 'argumento': truncamiento de 'double' a 'GLfloat'
C:\Users\usuarioprincipal\Desktop\Informàtica\4º\SGI\misRepositorios\Seminarios_ISGI_2022\Prueba\Source.cpp(244,25): warning C4305: 'argumento': truncamiento de 'double' a 'GLfloat'
C:\Users\usuarioprincipal\Desktop\Informàtica\4º\SGI\misRepositorios\Seminarios_ISGI_2022\Prueba\Source.cpp(245,26): warning C4305: 'argumento': truncamiento de 'double' a 'GLfloat'
C:\Users\usuarioprincipal\Desktop\Informàtica\4º\SGI\misRepositorios\Seminarios_ISGI_2022\Prueba\Source.cpp(246,27): warning C4305: 'argumento': truncamiento de 'double' a 'GLfloat'
C:\Users\usuarioprincipal\Desktop\Informàtica\4º\SGI\misRepositorios\Seminarios_ISGI_2022\Prueba\Source.cpp(251,27): warning C4305: 'argumento': truncamiento de 'double' a 'GLfloat'
C:\Users\usuarioprincipal\Desktop\Informàtica\4º\SGI\misRepositorios\Seminarios_ISGI_2022\Prueba\Source.cpp(252,26): warning C4305: 'argumento': truncamiento de 'double' a 'GLfloat'
C:\Users\usuarioprincipal\Desktop\Informàtica\4º\SGI\misRepositorios\Seminarios_ISGI_2022\Prueba\Source.cpp(253,27): warning C4305: 'argumento': truncamiento de 'double' a 'GLfloat'
C:\Users\usuarioprincipal\Desktop\Informàtica\4º\SGI\misRepositorios\Seminarios_ISGI_2022\Prueba\Source.cpp(254,28): warning C4305: 'argumento': truncamiento de 'double' a 'GLfloat'
C:\Users\usuarioprincipal\Desktop\Informàtica\4º\SGI\misRepositorios\Seminarios_ISGI_2022\Prueba\Source.cpp(259,27): warning C4305: 'argumento': truncamiento de 'double' a 'GLfloat'
C:\Users\usuarioprincipal\Desktop\Informàtica\4º\SGI\misRepositorios\Seminarios_ISGI_2022\Prueba\Source.cpp(260,28): warning C4305: 'argumento': truncamiento de 'double' a 'GLfloat'
C:\Users\usuarioprincipal\Desktop\Informàtica\4º\SGI\misRepositorios\Seminarios_ISGI_2022\Prueba\Source.cpp(261,27): warning C4305: 'argumento': truncamiento de 'double' a 'GLfloat'
C:\Users\usuarioprincipal\Desktop\Informàtica\4º\SGI\misRepositorios\Seminarios_ISGI_2022\Prueba\Source.cpp(262,26): warning C4305: 'argumento': truncamiento de 'double' a 'GLfloat'
C:\Users\usuarioprincipal\Desktop\Informàtica\4º\SGI\misRepositorios\Seminarios_ISGI_2022\Prueba\Source.cpp(267,26): warning C4305: 'argumento': truncamiento de 'double' a 'GLfloat'
C:\Users\usuarioprincipal\Desktop\Informàtica\4º\SGI\misRepositorios\Seminarios_ISGI_2022\Prueba\Source.cpp(268,27): warning C4305: 'argumento': truncamiento de 'double' a 'GLfloat'
C:\Users\usuarioprincipal\Desktop\Informàtica\4º\SGI\misRepositorios\Seminarios_ISGI_2022\Prueba\Source.cpp(269,28): warning C4305: 'argumento': truncamiento de 'double' a 'GLfloat'
C:\Users\usuarioprincipal\Desktop\Informàtica\4º\SGI\misRepositorios\Seminarios_ISGI_2022\Prueba\Source.cpp(270,27): warning C4305: 'argumento': truncamiento de 'double' a 'GLfloat'
C:\Users\usuarioprincipal\Desktop\Informàtica\4º\SGI\misRepositorios\Seminarios_ISGI_2022\Prueba\Source.cpp(275,25): warning C4305: 'argumento': truncamiento de 'double' a 'GLfloat'
C:\Users\usuarioprincipal\Desktop\Informàtica\4º\SGI\misRepositorios\Seminarios_ISGI_2022\Prueba\Source.cpp(276,26): warning C4305: 'argumento': truncamiento de 'double' a 'GLfloat'
C:\Users\usuarioprincipal\Desktop\Informàtica\4º\SGI\misRepositorios\Seminarios_ISGI_2022\Prueba\Source.cpp(277,27): warning C4305: 'argumento': truncamiento de 'double' a 'GLfloat'
C:\Users\usuarioprincipal\Desktop\Informàtica\4º\SGI\misRepositorios\Seminarios_ISGI_2022\Prueba\Source.cpp(278,26): warning C4305: 'argumento': truncamiento de 'double' a 'GLfloat'
C:\Users\usuarioprincipal\Desktop\Informàtica\4º\SGI\misRepositorios\Seminarios_ISGI_2022\Prueba\Source.cpp(297,34): warning C4305: 'argumento': truncamiento de 'double' a 'GLfloat'
C:\Users\usuarioprincipal\Desktop\Informàtica\4º\SGI\misRepositorios\Seminarios_ISGI_2022\Prueba\Source.cpp(303,33): warning C4305: 'argumento': truncamiento de 'double' a 'GLfloat'
C:\Users\usuarioprincipal\Desktop\Informàtica\4º\SGI\misRepositorios\Seminarios_ISGI_2022\Prueba\Source.cpp(309,33): warning C4305: 'argumento': truncamiento de 'double' a 'GLfloat'
C:\Users\usuarioprincipal\Desktop\Informàtica\4º\SGI\misRepositorios\Seminarios_ISGI_2022\Prueba\Source.cpp(314,33): warning C4305: 'argumento': truncamiento de 'double' a 'GLfloat'
C:\Users\usuarioprincipal\Desktop\Informàtica\4º\SGI\misRepositorios\Seminarios_ISGI_2022\Prueba\Source.cpp(537,34): warning C4305: 'argumento': truncamiento de 'double' a 'GLfloat'
C:\Users\usuarioprincipal\Desktop\Informàtica\4º\SGI\misRepositorios\Seminarios_ISGI_2022\Prueba\Source.cpp(543,35): warning C4305: 'argumento': truncamiento de 'double' a 'GLfloat'
C:\Users\usuarioprincipal\Desktop\Informàtica\4º\SGI\misRepositorios\Seminarios_ISGI_2022\Prueba\Source.cpp(550,35): warning C4305: 'argumento': truncamiento de 'double' a 'GLfloat'
C:\Users\usuarioprincipal\Desktop\Informàtica\4º\SGI\misRepositorios\Seminarios_ISGI_2022\Prueba\Source.cpp(556,34): warning C4305: 'argumento': truncamiento de 'double' a 'GLfloat'
  Generando código
  Compiler switch has changed, fall back to full compilation.
  All 95 functions were compiled because no usable IPDB/IOBJ from previous compilation was found.
  Generación de código finalizada
  Prueba.vcxproj -> C:\Users\usuarioprincipal\Desktop\Informàtica\4º\SGI\misRepositorios\Seminarios_ISGI_2022\Prueba\Prueba.exe
